<?xml version="1.0" encoding="UTF-8"?>
<coverage generated="1698623151995" clover="3.2.0">
  <project timestamp="1698623151995" name="All files">
    <metrics statements="24" coveredstatements="23" conditionals="4" coveredconditionals="3" methods="9" coveredmethods="8" elements="37" coveredelements="34" complexity="0" loc="24" ncloc="24" packages="2" files="2" classes="2"/>
    <package name="todo-list">
      <metrics statements="21" coveredstatements="20" conditionals="4" coveredconditionals="3" methods="8" coveredmethods="7"/>
      <file name="App.tsx" path="/Users/simko/Desktop/dev/swift-projects/projects/todo-list/App.tsx">
        <metrics statements="21" coveredstatements="20" conditionals="4" coveredconditionals="3" methods="8" coveredmethods="7"/>
        <line num="16" count="1" type="cond" truecount="1" falsecount="1"/>
        <line num="20" count="15" type="stmt"/>
        <line num="21" count="15" type="stmt"/>
        <line num="23" count="15" type="stmt"/>
        <line num="25" count="5" type="cond" truecount="2" falsecount="0"/>
        <line num="27" count="1" type="stmt"/>
        <line num="32" count="1" type="stmt"/>
        <line num="33" count="0" type="stmt"/>
        <line num="36" count="1" type="stmt"/>
        <line num="38" count="4" type="stmt"/>
        <line num="40" count="4" type="stmt"/>
        <line num="43" count="15" type="stmt"/>
        <line num="44" count="1" type="stmt"/>
        <line num="45" count="1" type="stmt"/>
        <line num="46" count="1" type="stmt"/>
        <line num="49" count="15" type="stmt"/>
        <line num="58" count="6" type="stmt"/>
        <line num="61" count="1" type="stmt"/>
        <line num="79" count="4" type="stmt"/>
        <line num="83" count="5" type="stmt"/>
        <line num="95" count="1" type="stmt"/>
      </file>
    </package>
    <package name="todo-list.components">
      <metrics statements="3" coveredstatements="3" conditionals="0" coveredconditionals="0" methods="1" coveredmethods="1"/>
      <file name="Task.tsx" path="/Users/simko/Desktop/dev/swift-projects/projects/todo-list/components/Task.tsx">
        <metrics statements="3" coveredstatements="3" conditionals="0" coveredconditionals="0" methods="1" coveredmethods="1"/>
        <line num="9" count="1" type="stmt"/>
        <line num="10" count="6" type="stmt"/>
        <line num="25" count="1" type="stmt"/>
      </file>
    </package>
  </project>
</coverage>
