{"/Users/simko/Desktop/dev/swift-projects/projects/todo-list/App.tsx": {"path":"/Users/simko/Desktop/dev/swift-projects/projects/todo-list/App.tsx","statementMap":{"0":{"start":{"line":16,"column":25},"end":{"line":16,"column":69}},"1":{"start":{"line":20,"column":28},"end":{"line":20,"column":50}},"2":{"start":{"line":21,"column":26},"end":{"line":21,"column":46}},"3":{"start":{"line":23,"column":24},"end":{"line":41,"column":3}},"4":{"start":{"line":25,"column":4},"end":{"line":37,"column":5}},"5":{"start":{"line":27,"column":18},"end":{"line":29,"column":8}},"6":{"start":{"line":32,"column":6},"end":{"line":34,"column":15}},"7":{"start":{"line":33,"column":8},"end":{"line":33,"column":26}},"8":{"start":{"line":36,"column":6},"end":{"line":36,"column":13}},"9":{"start":{"line":38,"column":4},"end":{"line":38,"column":31}},"10":{"start":{"line":40,"column":4},"end":{"line":40,"column":16}},"11":{"start":{"line":43,"column":21},"end":{"line":47,"column":3}},"12":{"start":{"line":44,"column":19},"end":{"line":44,"column":29}},"13":{"start":{"line":45,"column":4},"end":{"line":45,"column":30}},"14":{"start":{"line":46,"column":4},"end":{"line":46,"column":23}},"15":{"start":{"line":49,"column":2},"end":{"line":92,"column":4}},"16":{"start":{"line":58,"column":16},"end":{"line":65,"column":18}},"17":{"start":{"line":61,"column":35},"end":{"line":61,"column":52}},"18":{"start":{"line":79,"column":36},"end":{"line":79,"column":49}},"19":{"start":{"line":83,"column":68},"end":{"line":83,"column":83}},"20":{"start":{"line":95,"column":15},"end":{"line":141,"column":2}}},"fnMap":{"0":{"name":"App","decl":{"start":{"line":19,"column":24},"end":{"line":19,"column":27}},"loc":{"start":{"line":19,"column":30},"end":{"line":93,"column":1}},"line":19},"1":{"name":"(anonymous_1)","decl":{"start":{"line":23,"column":24},"end":{"line":23,"column":25}},"loc":{"start":{"line":23,"column":30},"end":{"line":41,"column":3}},"line":23},"2":{"name":"hideToast","decl":{"start":{"line":32,"column":26},"end":{"line":32,"column":35}},"loc":{"start":{"line":32,"column":38},"end":{"line":34,"column":7}},"line":32},"3":{"name":"(anonymous_3)","decl":{"start":{"line":43,"column":21},"end":{"line":43,"column":22}},"loc":{"start":{"line":43,"column":40},"end":{"line":47,"column":3}},"line":43},"4":{"name":"(anonymous_4)","decl":{"start":{"line":57,"column":25},"end":{"line":57,"column":26}},"loc":{"start":{"line":57,"column":42},"end":{"line":66,"column":15}},"line":57},"5":{"name":"(anonymous_5)","decl":{"start":{"line":61,"column":29},"end":{"line":61,"column":30}},"loc":{"start":{"line":61,"column":35},"end":{"line":61,"column":52}},"line":61},"6":{"name":"(anonymous_6)","decl":{"start":{"line":79,"column":26},"end":{"line":79,"column":27}},"loc":{"start":{"line":79,"column":36},"end":{"line":79,"column":49}},"line":79},"7":{"name":"(anonymous_7)","decl":{"start":{"line":83,"column":62},"end":{"line":83,"column":63}},"loc":{"start":{"line":83,"column":68},"end":{"line":83,"column":83}},"line":83}},"branchMap":{"0":{"loc":{"start":{"line":16,"column":25},"end":{"line":16,"column":69}},"type":"cond-expr","locations":[{"start":{"line":16,"column":49},"end":{"line":16,"column":58}},{"start":{"line":16,"column":61},"end":{"line":16,"column":69}}],"line":16},"1":{"loc":{"start":{"line":25,"column":4},"end":{"line":37,"column":5}},"type":"if","locations":[{"start":{"line":25,"column":4},"end":{"line":37,"column":5}},{"start":{},"end":{}}],"line":25}},"s":{"0":1,"1":15,"2":15,"3":15,"4":5,"5":1,"6":1,"7":0,"8":1,"9":4,"10":4,"11":15,"12":1,"13":1,"14":1,"15":15,"16":6,"17":1,"18":4,"19":5,"20":1},"f":{"0":15,"1":5,"2":0,"3":1,"4":6,"5":1,"6":4,"7":5},"b":{"0":[1,0],"1":[1,4]},"_coverageSchema":"1a1c01bbd47fc00a2c39e90264f33305004495a9","hash":"bfebe41c453d258e064ae40982b23d92b2796903"}
,"/Users/simko/Desktop/dev/swift-projects/projects/todo-list/components/Task.tsx": {"path":"/Users/simko/Desktop/dev/swift-projects/projects/todo-list/components/Task.tsx","statementMap":{"0":{"start":{"line":9,"column":13},"end":{"line":21,"column":1}},"1":{"start":{"line":10,"column":2},"end":{"line":20,"column":3}},"2":{"start":{"line":25,"column":15},"end":{"line":59,"column":4}}},"fnMap":{"0":{"name":"(anonymous_0)","decl":{"start":{"line":9,"column":13},"end":{"line":9,"column":14}},"loc":{"start":{"line":9,"column":36},"end":{"line":21,"column":1}},"line":9}},"branchMap":{},"s":{"0":1,"1":6,"2":1},"f":{"0":6},"b":{},"_coverageSchema":"1a1c01bbd47fc00a2c39e90264f33305004495a9","hash":"89913c27818b00008e0527d335f89eac57128a28"}
}
