TN:
SF:App.tsx
FN:19,App
FN:23,(anonymous_1)
FN:32,hideToast
FN:43,(anonymous_3)
FN:57,(anonymous_4)
FN:61,(anonymous_5)
FN:79,(anonymous_6)
FN:83,(anonymous_7)
FNF:8
FNH:7
FNDA:15,App
FNDA:5,(anonymous_1)
FNDA:0,hideToast
FNDA:1,(anonymous_3)
FNDA:6,(anonymous_4)
FNDA:1,(anonymous_5)
FNDA:4,(anonymous_6)
FNDA:5,(anonymous_7)
DA:16,1
DA:20,15
DA:21,15
DA:23,15
DA:25,5
DA:27,1
DA:32,1
DA:33,0
DA:36,1
DA:38,4
DA:40,4
DA:43,15
DA:44,1
DA:45,1
DA:46,1
DA:49,15
DA:58,6
DA:61,1
DA:79,4
DA:83,5
DA:95,1
LF:21
LH:20
BRDA:16,0,0,1
BRDA:16,0,1,0
BRDA:25,1,0,1
BRDA:25,1,1,4
BRF:4
BRH:3
end_of_record
TN:
SF:components/Task.tsx
FN:9,(anonymous_0)
FNF:1
FNH:1
FNDA:6,(anonymous_0)
DA:9,1
DA:10,6
DA:25,1
LF:3
LH:3
BRF:0
BRH:0
end_of_record
